[debug] [2022-11-09T12:55:03.322Z] ----------------------------------------------------------------------
[debug] [2022-11-09T12:55:03.326Z] Command:       C:\Program Files\nodejs\node.exe C:\Users\L E N O V O\AppData\Roaming\npm\node_modules\firebase-tools\lib\bin\firebase.js deploy
[debug] [2022-11-09T12:55:03.327Z] CLI Version:   9.20.0
[debug] [2022-11-09T12:55:03.327Z] Platform:      win32
[debug] [2022-11-09T12:55:03.327Z] Node Version:  v16.9.1
[debug] [2022-11-09T12:55:03.337Z] Time:          Wed Nov 09 2022 18:55:03 GMT+0600 (Bangladesh Standard Time)
[debug] [2022-11-09T12:55:03.337Z] ----------------------------------------------------------------------
[debug] 
[debug] [2022-11-09T12:55:03.445Z] > command requires scopes: ["email","openid","https://www.googleapis.com/auth/cloudplatformprojects.readonly","https://www.googleapis.com/auth/firebase","https://www.googleapis.com/auth/cloud-platform"]
[debug] [2022-11-09T12:55:03.446Z] > authorizing via signed-in user (mahed255261@gmail.com)
[debug] [2022-11-09T12:55:03.446Z] [iam] checking project printup-61eb6 for permissions ["firebase.projects.get","firebasehosting.sites.update"]
[debug] [2022-11-09T12:55:03.450Z] > refreshing access token with scopes: ["email","https://www.googleapis.com/auth/cloud-platform","https://www.googleapis.com/auth/cloudplatformprojects.readonly","https://www.googleapis.com/auth/firebase","openid"]
[debug] [2022-11-09T12:55:03.450Z] >>> HTTP REQUEST POST https://www.googleapis.com/oauth2/v3/token  
 <request body omitted>
[debug] [2022-11-09T12:55:07.230Z] <<< HTTP RESPONSE 200 {"date":"Wed, 09 Nov 2022 12:55:07 GMT","pragma":"no-cache","expires":"Mon, 01 Jan 1990 00:00:00 GMT","cache-control":"no-cache, no-store, max-age=0, must-revalidate","content-type":"application/json; charset=utf-8","vary":"X-Origin, Referer, Origin,Accept-Encoding","server":"scaffolding on HTTPServer2","x-xss-protection":"0","x-frame-options":"SAMEORIGIN","x-content-type-options":"nosniff","alt-svc":"h3=\":443\"; ma=2592000,h3-29=\":443\"; ma=2592000,h3-Q050=\":443\"; ma=2592000,h3-Q046=\":443\"; ma=2592000,h3-Q043=\":443\"; ma=2592000,quic=\":443\"; ma=2592000; v=\"46,43\"","accept-ranges":"none","transfer-encoding":"chunked"}
[debug] [2022-11-09T12:55:07.270Z] >>> HTTP REQUEST POST https://cloudresourcemanager.googleapis.com/v1/projects/printup-61eb6:testIamPermissions  
 {"permissions":["firebase.projects.get","firebasehosting.sites.update"]}
[debug] [2022-11-09T12:55:08.265Z] <<< HTTP RESPONSE 200 {"content-type":"application/json; charset=UTF-8","vary":"X-Origin, Referer, Origin,Accept-Encoding","date":"Wed, 09 Nov 2022 12:55:08 GMT","server":"ESF","cache-control":"private","x-xss-protection":"0","x-frame-options":"SAMEORIGIN","x-content-type-options":"nosniff","server-timing":"gfet4t7; dur=234","alt-svc":"h3=\":443\"; ma=2592000,h3-29=\":443\"; ma=2592000,h3-Q050=\":443\"; ma=2592000,h3-Q046=\":443\"; ma=2592000,h3-Q043=\":443\"; ma=2592000,quic=\":443\"; ma=2592000; v=\"46,43\"","accept-ranges":"none","transfer-encoding":"chunked"}
[debug] [2022-11-09T12:55:08.268Z] > refreshing access token with scopes: []
[debug] [2022-11-09T12:55:08.268Z] >>> HTTP REQUEST POST https://www.googleapis.com/oauth2/v3/token  
 <request body omitted>
[debug] [2022-11-09T12:55:08.641Z] <<< HTTP RESPONSE 200 {"date":"Wed, 09 Nov 2022 12:55:08 GMT","cache-control":"no-cache, no-store, max-age=0, must-revalidate","pragma":"no-cache","expires":"Mon, 01 Jan 1990 00:00:00 GMT","content-type":"application/json; charset=utf-8","vary":"X-Origin, Referer, Origin,Accept-Encoding","server":"scaffolding on HTTPServer2","x-xss-protection":"0","x-frame-options":"SAMEORIGIN","x-content-type-options":"nosniff","alt-svc":"h3=\":443\"; ma=2592000,h3-29=\":443\"; ma=2592000,h3-Q050=\":443\"; ma=2592000,h3-Q046=\":443\"; ma=2592000,h3-Q043=\":443\"; ma=2592000,quic=\":443\"; ma=2592000; v=\"46,43\"","accept-ranges":"none","transfer-encoding":"chunked"}
[debug] [2022-11-09T12:55:08.673Z] >>> [apiv2][query] GET https://firebase.googleapis.com/v1beta1/projects/printup-61eb6 [none]
[debug] [2022-11-09T12:55:09.392Z] <<< [apiv2][status] GET https://firebase.googleapis.com/v1beta1/projects/printup-61eb6 200
[debug] [2022-11-09T12:55:09.392Z] <<< [apiv2][body] GET https://firebase.googleapis.com/v1beta1/projects/printup-61eb6 {"projectId":"printup-61eb6","projectNumber":"968052814504","displayName":"PrintUp","name":"projects/printup-61eb6","resources":{"hostingSite":"printup-61eb6"},"state":"ACTIVE","etag":"1_5e73791e-4b4f-406a-977e-61eb85fe5e9a"}
[info] 
[info] === Deploying to 'printup-61eb6'...
[info] 
[info] i  deploying hosting 
[debug] [2022-11-09T12:55:09.400Z] > refreshing access token with scopes: ["email","https://www.googleapis.com/auth/cloud-platform","https://www.googleapis.com/auth/cloudplatformprojects.readonly","https://www.googleapis.com/auth/firebase","openid"]
[debug] [2022-11-09T12:55:09.400Z] >>> HTTP REQUEST POST https://www.googleapis.com/oauth2/v3/token  
 <request body omitted>
[debug] [2022-11-09T12:55:09.767Z] <<< HTTP RESPONSE 200 {"date":"Wed, 09 Nov 2022 12:55:09 GMT","pragma":"no-cache","cache-control":"no-cache, no-store, max-age=0, must-revalidate","expires":"Mon, 01 Jan 1990 00:00:00 GMT","content-type":"application/json; charset=utf-8","vary":"X-Origin, Referer, Origin,Accept-Encoding","server":"scaffolding on HTTPServer2","x-xss-protection":"0","x-frame-options":"SAMEORIGIN","x-content-type-options":"nosniff","alt-svc":"h3=\":443\"; ma=2592000,h3-29=\":443\"; ma=2592000,h3-Q050=\":443\"; ma=2592000,h3-Q046=\":443\"; ma=2592000,h3-Q043=\":443\"; ma=2592000,quic=\":443\"; ma=2592000; v=\"46,43\"","accept-ranges":"none","transfer-encoding":"chunked"}
[debug] [2022-11-09T12:55:09.792Z] >>> HTTP REQUEST POST https://firebasehosting.googleapis.com/v1beta1/sites/printup-61eb6/versions  
 {"config":{"rewrites":[{"glob":"**","path":"/index.html"}]},"labels":{"deployment-tool":"cli-firebase"}}
[debug] [2022-11-09T12:55:12.284Z] <<< HTTP RESPONSE 200 {"content-type":"application/json; charset=UTF-8","vary":"X-Origin, Referer, Origin,Accept-Encoding","date":"Wed, 09 Nov 2022 12:55:12 GMT","server":"ESF","cache-control":"private","x-xss-protection":"0","x-frame-options":"SAMEORIGIN","x-content-type-options":"nosniff","alt-svc":"h3=\":443\"; ma=2592000,h3-29=\":443\"; ma=2592000,h3-Q050=\":443\"; ma=2592000,h3-Q046=\":443\"; ma=2592000,h3-Q043=\":443\"; ma=2592000,quic=\":443\"; ma=2592000; v=\"46,43\"","accept-ranges":"none","transfer-encoding":"chunked"}
[info] i  hosting[printup-61eb6]: beginning deploy... 
[info] i  hosting[printup-61eb6]: found 18 files in build 
[debug] [2022-11-09T12:55:14.905Z] > refreshing access token with scopes: []
[debug] [2022-11-09T12:55:14.905Z] >>> HTTP REQUEST POST https://www.googleapis.com/oauth2/v3/token  
 <request body omitted>
[debug] [2022-11-09T12:55:14.907Z] [hosting] hash cache [YnVpbGQ] stored for 18 files
[debug] [2022-11-09T12:55:14.908Z] [hosting][hash queue][FINAL] {"max":2563,"min":4,"avg":337.44444444444446,"active":0,"complete":18,"success":18,"errored":0,"retried":0,"total":18,"elapsed":2574}
[debug] [2022-11-09T12:55:15.283Z] <<< HTTP RESPONSE 200 {"date":"Wed, 09 Nov 2022 12:55:15 GMT","pragma":"no-cache","expires":"Mon, 01 Jan 1990 00:00:00 GMT","cache-control":"no-cache, no-store, max-age=0, must-revalidate","content-type":"application/json; charset=utf-8","vary":"X-Origin, Referer, Origin,Accept-Encoding","server":"scaffolding on HTTPServer2","x-xss-protection":"0","x-frame-options":"SAMEORIGIN","x-content-type-options":"nosniff","alt-svc":"h3=\":443\"; ma=2592000,h3-29=\":443\"; ma=2592000,h3-Q050=\":443\"; ma=2592000,h3-Q046=\":443\"; ma=2592000,h3-Q043=\":443\"; ma=2592000,quic=\":443\"; ma=2592000; v=\"46,43\"","accept-ranges":"none","transfer-encoding":"chunked"}
[debug] [2022-11-09T12:55:15.308Z] >>> [apiv2][query] POST https://firebasehosting.googleapis.com/v1beta1/sites/printup-61eb6/versions/ebf19a8ac4d02d57:populateFiles [none]
[debug] [2022-11-09T12:55:15.309Z] >>> [apiv2][body] POST https://firebasehosting.googleapis.com/v1beta1/sites/printup-61eb6/versions/ebf19a8ac4d02d57:populateFiles {"files":{"/favicon.ico":"eae62e993eb980ec8a25058c39d5a51feab118bd2100c4deebb2a9c158ec11f9","/logo192.png":"3ee59515172ee198f3be375979df15ac5345183e656720a381b8872b2a39dc8b","/logo512.png":"ee7e2f3fdb8209c4b6fd7bef6ba50d1b9dba30a25bb5c3126df057e1cb6f5331","/manifest.json":"5c997de1364b8be939319fa9209abd77f2caf7f8844999a9e2e9173f844e7840","/robots.txt":"b2090cf9761ef60aa06e4fab97679bd43dfa5e5df073701ead5879d7c68f1ec5","/asset-manifest.json":"f17a30c421ac562804f0c3676d7e8cf2b59644ce114aae6687a539b1b129876e","/index.html":"17ea327d60f5ce688dc5262180127232e1dde597182fe557dac0f4be9f79ff33","/static/js/787.c4e7f8f9.chunk.js":"91c272bf68adff064c800f366f30728320d116b78ce6c85e37780678453e9a15","/static/js/787.c4e7f8f9.chunk.js.map":"2682456b29d5b107f1945b7490ed16e2b4c4d04d3e5a7386803b4b9b251c893b","/static/js/main.6a51e122.js.LICENSE.txt":"07669c0457dbc18e27917b0e15c8cfd4b7046656d2d8bbb1647aee76081efdb9","/static/media/logo.6ce24c58023cc2f8fd88fe9d219db6c6.svg":"ac1a3d8899432561573d6a5cf56459437c09b902599a1deb91c0f8d4bb40459d","/static/media/banner.bc86c57ada93df71e1b5.jpg":"3fc36527e31983d5dceab985dd9defdbf73759824087e1f76897de68225578f0","/static/css/main.16f76c67.css":"b0c1c2f2bfd27b0863606d807b2ad9709dfd01233f03b679280df10c6b3c2152","/static/media/login_background.122b943c95ad29abc9c7.jpg":"ad82395e24c7d3d65f5c4f47695cac88203e51ce46b733b2682569d36341a6d0","/static/js/main.6a51e122.js":"904e9c5ac45b646ec514a799d4cd78de16ba0ab77cda82dd7ebf2c4249f4cdd6","/static/css/main.16f76c67.css.map":"0cd198c2f76e93211d198bde25039d0db36b961b0b48ddbb6ac0a8f0f6666a71","/static/js/main.6a51e122.js.map":"fd87cac1d355bc1fa652ddd1743f08dd709927b09ba0df9c62c09e0ca6868444","/static/media/background.1e5576920469f63d8d2f.jpg":"221b1fbe4c10bf954d38149660001be02cb12478d0de8ca3bbcb5a041d100e7f"}}
[debug] [2022-11-09T12:55:36.781Z] [populateQueue] Retrying task index 0
[debug] [2022-11-09T12:55:36.784Z] >>> [apiv2][query] POST https://firebasehosting.googleapis.com/v1beta1/sites/printup-61eb6/versions/ebf19a8ac4d02d57:populateFiles [none]
[debug] [2022-11-09T12:55:36.785Z] >>> [apiv2][body] POST https://firebasehosting.googleapis.com/v1beta1/sites/printup-61eb6/versions/ebf19a8ac4d02d57:populateFiles {"files":{"/favicon.ico":"eae62e993eb980ec8a25058c39d5a51feab118bd2100c4deebb2a9c158ec11f9","/logo192.png":"3ee59515172ee198f3be375979df15ac5345183e656720a381b8872b2a39dc8b","/logo512.png":"ee7e2f3fdb8209c4b6fd7bef6ba50d1b9dba30a25bb5c3126df057e1cb6f5331","/manifest.json":"5c997de1364b8be939319fa9209abd77f2caf7f8844999a9e2e9173f844e7840","/robots.txt":"b2090cf9761ef60aa06e4fab97679bd43dfa5e5df073701ead5879d7c68f1ec5","/asset-manifest.json":"f17a30c421ac562804f0c3676d7e8cf2b59644ce114aae6687a539b1b129876e","/index.html":"17ea327d60f5ce688dc5262180127232e1dde597182fe557dac0f4be9f79ff33","/static/js/787.c4e7f8f9.chunk.js":"91c272bf68adff064c800f366f30728320d116b78ce6c85e37780678453e9a15","/static/js/787.c4e7f8f9.chunk.js.map":"2682456b29d5b107f1945b7490ed16e2b4c4d04d3e5a7386803b4b9b251c893b","/static/js/main.6a51e122.js.LICENSE.txt":"07669c0457dbc18e27917b0e15c8cfd4b7046656d2d8bbb1647aee76081efdb9","/static/media/logo.6ce24c58023cc2f8fd88fe9d219db6c6.svg":"ac1a3d8899432561573d6a5cf56459437c09b902599a1deb91c0f8d4bb40459d","/static/media/banner.bc86c57ada93df71e1b5.jpg":"3fc36527e31983d5dceab985dd9defdbf73759824087e1f76897de68225578f0","/static/css/main.16f76c67.css":"b0c1c2f2bfd27b0863606d807b2ad9709dfd01233f03b679280df10c6b3c2152","/static/media/login_background.122b943c95ad29abc9c7.jpg":"ad82395e24c7d3d65f5c4f47695cac88203e51ce46b733b2682569d36341a6d0","/static/js/main.6a51e122.js":"904e9c5ac45b646ec514a799d4cd78de16ba0ab77cda82dd7ebf2c4249f4cdd6","/static/css/main.16f76c67.css.map":"0cd198c2f76e93211d198bde25039d0db36b961b0b48ddbb6ac0a8f0f6666a71","/static/js/main.6a51e122.js.map":"fd87cac1d355bc1fa652ddd1743f08dd709927b09ba0df9c62c09e0ca6868444","/static/media/background.1e5576920469f63d8d2f.jpg":"221b1fbe4c10bf954d38149660001be02cb12478d0de8ca3bbcb5a041d100e7f"}}
[debug] [2022-11-09T12:55:58.632Z] [populateQueue] Retrying task index 0
[debug] [2022-11-09T12:55:58.633Z] >>> [apiv2][query] POST https://firebasehosting.googleapis.com/v1beta1/sites/printup-61eb6/versions/ebf19a8ac4d02d57:populateFiles [none]
[debug] [2022-11-09T12:55:58.634Z] >>> [apiv2][body] POST https://firebasehosting.googleapis.com/v1beta1/sites/printup-61eb6/versions/ebf19a8ac4d02d57:populateFiles {"files":{"/favicon.ico":"eae62e993eb980ec8a25058c39d5a51feab118bd2100c4deebb2a9c158ec11f9","/logo192.png":"3ee59515172ee198f3be375979df15ac5345183e656720a381b8872b2a39dc8b","/logo512.png":"ee7e2f3fdb8209c4b6fd7bef6ba50d1b9dba30a25bb5c3126df057e1cb6f5331","/manifest.json":"5c997de1364b8be939319fa9209abd77f2caf7f8844999a9e2e9173f844e7840","/robots.txt":"b2090cf9761ef60aa06e4fab97679bd43dfa5e5df073701ead5879d7c68f1ec5","/asset-manifest.json":"f17a30c421ac562804f0c3676d7e8cf2b59644ce114aae6687a539b1b129876e","/index.html":"17ea327d60f5ce688dc5262180127232e1dde597182fe557dac0f4be9f79ff33","/static/js/787.c4e7f8f9.chunk.js":"91c272bf68adff064c800f366f30728320d116b78ce6c85e37780678453e9a15","/static/js/787.c4e7f8f9.chunk.js.map":"2682456b29d5b107f1945b7490ed16e2b4c4d04d3e5a7386803b4b9b251c893b","/static/js/main.6a51e122.js.LICENSE.txt":"07669c0457dbc18e27917b0e15c8cfd4b7046656d2d8bbb1647aee76081efdb9","/static/media/logo.6ce24c58023cc2f8fd88fe9d219db6c6.svg":"ac1a3d8899432561573d6a5cf56459437c09b902599a1deb91c0f8d4bb40459d","/static/media/banner.bc86c57ada93df71e1b5.jpg":"3fc36527e31983d5dceab985dd9defdbf73759824087e1f76897de68225578f0","/static/css/main.16f76c67.css":"b0c1c2f2bfd27b0863606d807b2ad9709dfd01233f03b679280df10c6b3c2152","/static/media/login_background.122b943c95ad29abc9c7.jpg":"ad82395e24c7d3d65f5c4f47695cac88203e51ce46b733b2682569d36341a6d0","/static/js/main.6a51e122.js":"904e9c5ac45b646ec514a799d4cd78de16ba0ab77cda82dd7ebf2c4249f4cdd6","/static/css/main.16f76c67.css.map":"0cd198c2f76e93211d198bde25039d0db36b961b0b48ddbb6ac0a8f0f6666a71","/static/js/main.6a51e122.js.map":"fd87cac1d355bc1fa652ddd1743f08dd709927b09ba0df9c62c09e0ca6868444","/static/media/background.1e5576920469f63d8d2f.jpg":"221b1fbe4c10bf954d38149660001be02cb12478d0de8ca3bbcb5a041d100e7f"}}
[debug] [2022-11-09T12:56:21.307Z] [populateQueue] Retrying task index 0
[debug] [2022-11-09T12:56:21.308Z] >>> [apiv2][query] POST https://firebasehosting.googleapis.com/v1beta1/sites/printup-61eb6/versions/ebf19a8ac4d02d57:populateFiles [none]
[debug] [2022-11-09T12:56:21.308Z] >>> [apiv2][body] POST https://firebasehosting.googleapis.com/v1beta1/sites/printup-61eb6/versions/ebf19a8ac4d02d57:populateFiles {"files":{"/favicon.ico":"eae62e993eb980ec8a25058c39d5a51feab118bd2100c4deebb2a9c158ec11f9","/logo192.png":"3ee59515172ee198f3be375979df15ac5345183e656720a381b8872b2a39dc8b","/logo512.png":"ee7e2f3fdb8209c4b6fd7bef6ba50d1b9dba30a25bb5c3126df057e1cb6f5331","/manifest.json":"5c997de1364b8be939319fa9209abd77f2caf7f8844999a9e2e9173f844e7840","/robots.txt":"b2090cf9761ef60aa06e4fab97679bd43dfa5e5df073701ead5879d7c68f1ec5","/asset-manifest.json":"f17a30c421ac562804f0c3676d7e8cf2b59644ce114aae6687a539b1b129876e","/index.html":"17ea327d60f5ce688dc5262180127232e1dde597182fe557dac0f4be9f79ff33","/static/js/787.c4e7f8f9.chunk.js":"91c272bf68adff064c800f366f30728320d116b78ce6c85e37780678453e9a15","/static/js/787.c4e7f8f9.chunk.js.map":"2682456b29d5b107f1945b7490ed16e2b4c4d04d3e5a7386803b4b9b251c893b","/static/js/main.6a51e122.js.LICENSE.txt":"07669c0457dbc18e27917b0e15c8cfd4b7046656d2d8bbb1647aee76081efdb9","/static/media/logo.6ce24c58023cc2f8fd88fe9d219db6c6.svg":"ac1a3d8899432561573d6a5cf56459437c09b902599a1deb91c0f8d4bb40459d","/static/media/banner.bc86c57ada93df71e1b5.jpg":"3fc36527e31983d5dceab985dd9defdbf73759824087e1f76897de68225578f0","/static/css/main.16f76c67.css":"b0c1c2f2bfd27b0863606d807b2ad9709dfd01233f03b679280df10c6b3c2152","/static/media/login_background.122b943c95ad29abc9c7.jpg":"ad82395e24c7d3d65f5c4f47695cac88203e51ce46b733b2682569d36341a6d0","/static/js/main.6a51e122.js":"904e9c5ac45b646ec514a799d4cd78de16ba0ab77cda82dd7ebf2c4249f4cdd6","/static/css/main.16f76c67.css.map":"0cd198c2f76e93211d198bde25039d0db36b961b0b48ddbb6ac0a8f0f6666a71","/static/js/main.6a51e122.js.map":"fd87cac1d355bc1fa652ddd1743f08dd709927b09ba0df9c62c09e0ca6868444","/static/media/background.1e5576920469f63d8d2f.jpg":"221b1fbe4c10bf954d38149660001be02cb12478d0de8ca3bbcb5a041d100e7f"}}
[debug] [2022-11-09T12:56:22.533Z] <<< [apiv2][status] POST https://firebasehosting.googleapis.com/v1beta1/sites/printup-61eb6/versions/ebf19a8ac4d02d57:populateFiles 200
[debug] [2022-11-09T12:56:22.534Z] <<< [apiv2][body] POST https://firebasehosting.googleapis.com/v1beta1/sites/printup-61eb6/versions/ebf19a8ac4d02d57:populateFiles {"uploadUrl":"https://upload-firebasehosting.googleapis.com/upload/sites/printup-61eb6/versions/ebf19a8ac4d02d57/files"}
[debug] [2022-11-09T12:56:22.534Z] [hosting][populate queue][FINAL] {"max":1226,"min":1226,"avg":1226,"active":0,"complete":1,"success":1,"errored":0,"retried":3,"total":1,"elapsed":67629}
[debug] [2022-11-09T12:56:22.535Z] [hosting] uploads queued: 0
[debug] [2022-11-09T12:56:22.535Z] [hosting][upload queue][FINAL] {"max":0,"min":9999999999,"avg":0,"active":0,"complete":0,"success":0,"errored":0,"retried":0,"total":0,"elapsed":1667998582535}
[info] +  hosting[printup-61eb6]: file upload complete 
[debug] [2022-11-09T12:56:22.538Z] [hosting] deploy completed after 70245ms
[debug] [2022-11-09T12:56:22.542Z] [
  {
    "config": {
      "public": "build",
      "ignore": [
        "firebase.json",
        "**/.*",
        "**/node_modules/**"
      ],
      "rewrites": [
        {
          "source": "**",
          "destination": "/index.html"
        }
      ],
      "site": "printup-61eb6"
    },
    "site": "printup-61eb6",
    "version": "sites/printup-61eb6/versions/ebf19a8ac4d02d57"
  }
]
[info] i  hosting[printup-61eb6]: finalizing version... 
[debug] [2022-11-09T12:56:22.543Z] > refreshing access token with scopes: ["email","https://www.googleapis.com/auth/cloud-platform","https://www.googleapis.com/auth/cloudplatformprojects.readonly","https://www.googleapis.com/auth/firebase","openid"]
[debug] [2022-11-09T12:56:22.544Z] >>> HTTP REQUEST POST https://www.googleapis.com/oauth2/v3/token  
 <request body omitted>
[debug] [2022-11-09T12:56:22.927Z] <<< HTTP RESPONSE 200 {"date":"Wed, 09 Nov 2022 12:56:22 GMT","pragma":"no-cache","expires":"Mon, 01 Jan 1990 00:00:00 GMT","cache-control":"no-cache, no-store, max-age=0, must-revalidate","content-type":"application/json; charset=utf-8","vary":"X-Origin, Referer, Origin,Accept-Encoding","server":"scaffolding on HTTPServer2","x-xss-protection":"0","x-frame-options":"SAMEORIGIN","x-content-type-options":"nosniff","alt-svc":"h3=\":443\"; ma=2592000,h3-29=\":443\"; ma=2592000,h3-Q050=\":443\"; ma=2592000,h3-Q046=\":443\"; ma=2592000,h3-Q043=\":443\"; ma=2592000,quic=\":443\"; ma=2592000; v=\"46,43\"","accept-ranges":"none","transfer-encoding":"chunked"}
[debug] [2022-11-09T12:56:22.976Z] >>> HTTP REQUEST PATCH https://firebasehosting.googleapis.com/v1beta1/sites/printup-61eb6/versions/ebf19a8ac4d02d57?updateMask=status  
 {"status":"FINALIZED"}
[debug] [2022-11-09T12:56:44.374Z] Error: connect ETIMEDOUT 142.250.182.42:443
    at TCPConnectWrap.afterConnect [as oncomplete] (node:net:1146:16)
[error] 
[error] Error: Server Error. connect ETIMEDOUT 142.250.182.42:443
